<?xml version="1.0" encoding="UTF-8"?>
<testng-results ignored="0" total="4" passed="4" failed="0" skipped="0">
  <reporter-output>
  </reporter-output>
  <suite started-at="2024-09-17T00:10:47 EDT" name="Default suite" finished-at="2024-09-17T00:10:53 EDT" duration-ms="5578">
    <groups>
    </groups>
    <test started-at="2024-09-17T00:10:47 EDT" name="Default test" finished-at="2024-09-17T00:10:53 EDT" duration-ms="5578">
      <class name="apitest.Rest_Api_Test">
        <test-method signature="getUsers()[pri:1, instance:apitest.Rest_Api_Test@209da20d]" started-at="2024-09-17T00:10:47 EDT" name="getUsers" finished-at="2024-09-17T00:10:51 EDT" duration-ms="3855" status="PASS">
          <reporter-output>
          </reporter-output>
        </test-method> <!-- getUsers -->
        <test-method signature="createUser()[pri:2, instance:apitest.Rest_Api_Test@209da20d]" started-at="2024-09-17T00:10:51 EDT" name="createUser" finished-at="2024-09-17T00:10:52 EDT" duration-ms="744" status="PASS">
          <reporter-output>
          </reporter-output>
        </test-method> <!-- createUser -->
        <test-method signature="updateUser()[pri:3, instance:apitest.Rest_Api_Test@209da20d]" started-at="2024-09-17T00:10:52 EDT" name="updateUser" finished-at="2024-09-17T00:10:52 EDT" depends-on-methods="apitest.Rest_Api_Test.createUser" duration-ms="457" status="PASS">
          <reporter-output>
          </reporter-output>
        </test-method> <!-- updateUser -->
        <test-method signature="deleteUser()[pri:4, instance:apitest.Rest_Api_Test@209da20d]" started-at="2024-09-17T00:10:52 EDT" name="deleteUser" finished-at="2024-09-17T00:10:53 EDT" duration-ms="462" status="PASS">
          <reporter-output>
          </reporter-output>
        </test-method> <!-- deleteUser -->
      </class> <!-- apitest.Rest_Api_Test -->
    </test> <!-- Default test -->
  </suite> <!-- Default suite -->
</testng-results>
