<?xml version="1.0" encoding="UTF-8"?>
<!-- Generated by org.testng.reporters.JUnitXMLReporter -->
<testsuite ignored="0" hostname="Mds-MacBook-Pro.local" failures="0" tests="4" name="Default test" time="5.578" errors="0" timestamp="2024-09-17T00:10:53 EDT">
  <testcase classname="apitest.Rest_Api_Test" name="getUsers" time="3.855"/>
  <testcase classname="apitest.Rest_Api_Test" name="createUser" time="0.744"/>
  <testcase classname="apitest.Rest_Api_Test" name="updateUser" time="0.457"/>
  <testcase classname="apitest.Rest_Api_Test" name="deleteUser" time="0.462"/>
</testsuite> <!-- Default test -->
